c:\users\ymin0\desktop\chat_clnt\release\chatclnt.ipdb
c:\users\ymin0\desktop\chat_clnt\release\chatclnt.iobj
c:\users\ymin0\desktop\chat_clnt\chatclnt\release\chatclnt.pch
c:\users\ymin0\desktop\chat_clnt\chatclnt\release\vc142.pdb
c:\users\ymin0\desktop\chat_clnt\chatclnt\release\pch.obj
c:\users\ymin0\desktop\chat_clnt\chatclnt\release\mainfrm.obj
c:\users\ymin0\desktop\chat_clnt\chatclnt\release\logindlg.obj
c:\users\ymin0\desktop\chat_clnt\chatclnt\release\msgdlg.obj
c:\users\ymin0\desktop\chat_clnt\chatclnt\release\clntsocket.obj
c:\users\ymin0\desktop\chat_clnt\chatclnt\release\chatclntview.obj
c:\users\ymin0\desktop\chat_clnt\chatclnt\release\chatclntdoc.obj
c:\users\ymin0\desktop\chat_clnt\chatclnt\release\chatclnt.obj
c:\users\ymin0\desktop\chat_clnt\release\chatclnt.exe
c:\users\ymin0\desktop\chat_clnt\release\chatclnt.pdb
c:\users\ymin0\desktop\chat_clnt\chatclnt\release\chatclnt.res
c:\users\ymin0\desktop\chat_clnt\chatclnt\release\chatclnt.tlog\chatclnt.write.1u.tlog
c:\users\ymin0\desktop\chat_clnt\chatclnt\release\chatclnt.tlog\cl.command.1.tlog
c:\users\ymin0\desktop\chat_clnt\chatclnt\release\chatclnt.tlog\cl.read.1.tlog
c:\users\ymin0\desktop\chat_clnt\chatclnt\release\chatclnt.tlog\cl.write.1.tlog
c:\users\ymin0\desktop\chat_clnt\chatclnt\release\chatclnt.tlog\link.command.1.tlog
c:\users\ymin0\desktop\chat_clnt\chatclnt\release\chatclnt.tlog\link.read.1.tlog
c:\users\ymin0\desktop\chat_clnt\chatclnt\release\chatclnt.tlog\link.write.1.tlog
c:\users\ymin0\desktop\chat_clnt\chatclnt\release\chatclnt.tlog\rc.command.1.tlog
c:\users\ymin0\desktop\chat_clnt\chatclnt\release\chatclnt.tlog\rc.read.1.tlog
c:\users\ymin0\desktop\chat_clnt\chatclnt\release\chatclnt.tlog\rc.write.1.tlog
